 PATH path4138 FOUND 
 0) 84.99,1052.31
ERROR
    85.00,1052.31
    85.01,1052.31
ERROR
    85.02,1052.31
ERROR
    85.03,1052.31
    85.04,1052.31
ERROR
ERROR
ERROR
    85.05,1052.31
ERROR
ERROR
    85.06,1052.31
ERROR
    85.07,1052.31
    85.08,1052.31
ERROR
ERROR
ERROR
    85.09,1052.31
    85.10,1052.31
ERROR
    85.11,1052.31
ERROR
    85.12,1052.31
    85.13,1052.31
ERROR
ERROR
ERROR
    85.14,1052.31
ERROR
ERROR
    85.15,1052.31
ERROR
    85.16,1052.31
    85.17,1052.31
ERROR
ERROR
ERROR
    85.18,1052.31
ERROR
ERROR
    85.19,1052.31
ERROR
    85.20,1052.31
    85.21,1052.31
ERROR
ERROR
ERROR
    85.22,1052.31
    85.23,1052.31
ERROR
    85.24,1052.31
ERROR
    85.25,1052.31
    85.26,1052.31
ERROR
ERROR
ERROR
    85.27,1052.31
    85.28,1052.31
ERROR
    85.29,1052.31
ERROR
    85.30,1052.31
    85.31,1052.31
ERROR
ERROR
ERROR
    85.32,1052.31
ERROR
ERROR
    85.33,1052.31
ERROR
    85.34,1052.31
    85.35,1052.31
ERROR
ERROR
ERROR
    85.36,1052.31
    85.37,1052.31
ERROR
    85.38,1052.31
ERROR
    85.39,1052.31
    85.40,1052.31
ERROR
ERROR
ERROR
    85.41,1052.31
    85.42,1052.31
ERROR
    85.43,1052.31
ERROR
    85.44,1052.31
    85.45,1052.31
ERROR
ERROR
    85.46,1052.31
    85.47,1052.31
    85.48,1052.31
    85.49,1052.31
    85.50,1052.31
    85.51,1052.31
    85.52,1052.31
    85.53,1052.31
    85.54,1052.31
    85.55,1052.31
    85.56,1052.31
    85.57,1052.31
    85.58,1052.31
    85.59,1052.31
    85.60,1052.31
    85.61,1052.31
    85.62,1052.31
    85.63,1052.31
    85.64,1052.31
    85.65,1052.31
    85.66,1052.31
    85.67,1052.31
    85.68,1052.31
    85.69,1052.31
    85.70,1052.31
    85.71,1052.31
    85.72,1052.31
    85.73,1052.31
    85.74,1052.31
    85.75,1052.31
    85.76,1052.31
    85.77,1052.31
    85.78,1052.31
    85.79,1052.31
    85.80,1052.31
    85.81,1052.31
    85.82,1052.31
    85.83,1052.31
    85.84,1052.31
    85.85,1052.31
    85.86,1052.31
    85.87,1052.31
    85.88,1052.31
    85.89,1052.31
    85.90,1052.31
    85.91,1052.31
    85.92,1052.31
    85.93,1052.31
    85.94,1052.31
    85.95,1052.31
    85.96,1052.31
    85.97,1052.31
    85.98,1052.31
    85.99,1052.31
    86.00,1052.31
    86.01,1052.31
    86.02,1052.31
    86.03,1052.31
    86.04,1052.31
    86.05,1052.31
    86.06,1052.31
    86.07,1052.31
    86.08,1052.31
    86.09,1052.31
    86.10,1052.31
    86.11,1052.31
    86.12,1052.31
    86.13,1052.31
    86.14,1052.31
    86.15,1052.31
    86.16,1052.31
    86.17,1052.31
    86.18,1052.31
    86.19,1052.31
    86.20,1052.31
    86.21,1052.31
    86.22,1052.31
    86.23,1052.31
    86.24,1052.31
    86.25,1052.31
    86.26,1052.31
    86.27,1052.31
    86.28,1052.31
    86.29,1052.31
    86.30,1052.31
    86.31,1052.31
    86.32,1052.31
    86.33,1052.31
    86.34,1052.31
    86.35,1052.31
    86.36,1052.31
    86.37,1052.31
    86.38,1052.31
    86.39,1052.31
    86.40,1052.31
    86.41,1052.31
    86.42,1052.31
    86.43,1052.31
    86.44,1052.31
    86.45,1052.31
    86.44,1052.31
    86.43,1052.31
    86.42,1052.31
    86.41,1052.31
    86.40,1052.31
    86.39,1052.31
    86.38,1052.31
    86.37,1052.31
    86.36,1052.31
    86.35,1052.31
    86.34,1052.31
    86.33,1052.31
    86.32,1052.31
    86.31,1052.31
    86.30,1052.31
    86.29,1052.31
    86.28,1052.31
    86.27,1052.31
    86.26,1052.31
    86.25,1052.31
    86.24,1052.31
    86.23,1052.31
    86.22,1052.31
    86.21,1052.31
    86.20,1052.31
    86.19,1052.31
    86.18,1052.31
    86.17,1052.31
    86.16,1052.31
    86.15,1052.31
    86.14,1052.31
    86.13,1052.31
    86.12,1052.31
    86.11,1052.31
    86.10,1052.31
    86.09,1052.31
    86.08,1052.31
    86.07,1052.31
    86.06,1052.31
    86.05,1052.31
    86.04,1052.31
    86.03,1052.31
    86.02,1052.31
    86.01,1052.31
    86.00,1052.31
    85.99,1052.31
    85.98,1052.31
    85.97,1052.31
    85.96,1052.31
    85.95,1052.31
    85.94,1052.31
    85.93,1052.31
    85.92,1052.31
    85.91,1052.31
    85.90,1052.31
    85.89,1052.31
    85.88,1052.31
    85.87,1052.31
    85.86,1052.31
    85.85,1052.31
    85.84,1052.31
    85.83,1052.31
    85.82,1052.31
    85.81,1052.31
    85.80,1052.31
    85.79,1052.31
    85.78,1052.31
    85.77,1052.31
    85.76,1052.31
    85.75,1052.31
    85.74,1052.31
    85.73,1052.31
    85.72,1052.31
    85.71,1052.31
    85.70,1052.31
    85.69,1052.31
    85.68,1052.31
    85.67,1052.31
    85.66,1052.31
    85.65,1052.31
    85.64,1052.31
    85.63,1052.31
    85.62,1052.31
    85.61,1052.31
    85.60,1052.31
    85.59,1052.31
    85.58,1052.31
    85.57,1052.31
    85.56,1052.31
    85.55,1052.31
    85.54,1052.31
    85.53,1052.31
    85.52,1052.31
    85.51,1052.31
    85.50,1052.31
    85.49,1052.31
    85.48,1052.31
    85.47,1052.31
    85.46,1052.31
    85.45,1052.31
ERROR
ERROR
ERROR
ERROR
ERROR
ERROR
ERROR
ERROR
ERROR
ERROR
ERROR
ERROR
ERROR
ERROR
ERROR
ERROR
ERROR
ERROR
ERROR
ERROR
ERROR
ERROR
ERROR
ERROR
ERROR
ERROR
ERROR
ERROR
ERROR
ERROR
ERROR
ERROR
ERROR
ERROR
ERROR
ERROR
ERROR
ERROR
ERROR
ERROR
ERROR
ERROR
ERROR
ERROR
ERROR
ERROR
ERROR
ERROR
ERROR
ERROR
ERROR
ERROR
ERROR
ERROR
ERROR
ERROR
ERROR
ERROR
ERROR
ERROR
ERROR
ERROR
ERROR
ERROR
ERROR
ERROR
ERROR
ERROR
ERROR
ERROR
ERROR
ERROR
ERROR
ERROR
ERROR
ERROR
ERROR
ERROR
ERROR
ERROR
ERROR
ERROR
ERROR
ERROR
ERROR
ERROR
ERROR
ERROR
ERROR
ERROR
ERROR
ERROR
ERROR
ERROR
ERROR
ERROR
ERROR
ERROR
ERROR
 PATH path4176 FOUND 
 1) 0.05,966.32
    0.05,966.33
    0.05,966.34
    0.05,966.35
    0.05,966.36
    0.05,966.37
    0.05,966.38
    0.05,966.39
    0.05,966.40
    0.05,966.41
    0.05,966.42
    0.05,966.43
    0.05,966.44
    0.05,966.45
    0.05,966.46
    0.05,966.47
    0.05,966.48
    0.05,966.49
    0.05,966.50
    0.05,966.51
    0.05,966.52
    0.05,966.53
    0.05,966.54
    0.05,966.55
    0.05,966.56
    0.05,966.57
    0.05,966.58
    0.05,966.59
    0.05,966.60
    0.05,966.61
    0.05,966.62
    0.05,966.63
    0.05,966.64
    0.05,966.65
    0.05,966.66
    0.05,966.67
    0.05,966.68
    0.05,966.69
    0.05,966.70
    0.05,966.71
    0.05,966.72
    0.05,966.73
    0.05,966.74
    0.05,966.75
    0.05,966.76
    0.05,966.77
    0.05,966.78
    0.05,966.79
    0.05,966.80
    0.05,966.81
    0.05,966.82
    0.05,966.83
    0.05,966.84
    0.05,966.85
    0.05,966.86
    0.05,966.87
    0.05,966.88
    0.05,966.89
    0.05,966.90
    0.05,966.91
    0.05,966.92
    0.05,966.93
    0.05,966.94
    0.05,966.95
    0.05,966.96
    0.05,966.97
    0.05,966.98
    0.05,966.99
    0.05,967.00
    0.05,967.01
    0.05,967.02
    0.05,967.03
    0.05,967.04
    0.05,967.05
    0.05,967.06
    0.05,967.07
    0.05,967.08
    0.05,967.09
    0.05,967.10
    0.05,967.11
    0.05,967.12
    0.05,967.13
    0.05,967.14
    0.05,967.15
    0.05,967.16
    0.05,967.17
    0.05,967.18
    0.05,967.19
    0.05,967.20
    0.05,967.21
    0.05,967.22
    0.05,967.23
    0.05,967.24
    0.05,967.25
    0.05,967.26
    0.05,967.27
    0.05,967.28
    0.05,967.29
    0.05,967.30
    0.05,967.31
    0.05,967.32
    0.05,967.33
    0.05,967.34
    0.05,967.35
    0.05,967.36
    0.05,967.37
    0.05,967.38
    0.05,967.39
    0.05,967.40
    0.05,967.41
    0.05,967.42
    0.05,967.43
    0.05,967.44
    0.05,967.45
    0.05,967.46
    0.05,967.47
    0.05,967.48
    0.05,967.49
    0.05,967.50
    0.05,967.51
    0.05,967.52
    0.05,967.53
    0.05,967.54
    0.05,967.55
    0.05,967.56
    0.05,967.57
    0.05,967.58
    0.05,967.59
    0.05,967.60
    0.05,967.61
    0.05,967.62
    0.05,967.63
    0.05,967.64
    0.05,967.65
    0.05,967.66
    0.05,967.67
    0.05,967.68
    0.05,967.69
    0.05,967.70
    0.05,967.71
    0.05,967.72
    0.05,967.73
    0.05,967.74
    0.05,967.75
    0.05,967.76
    0.05,967.77
    0.05,967.78
    0.05,967.79
    0.05,967.80
    0.05,967.81
    0.05,967.82
    0.05,967.83
    0.05,967.84
    0.05,967.85
    0.05,967.86
    0.05,967.87
    0.05,967.88
    0.05,967.89
    0.05,967.90
    0.05,967.91
    0.05,967.92
    0.05,967.93
    0.05,967.94
    0.05,967.95
    0.05,967.96
    0.05,967.97
    0.05,967.98
    0.05,967.99
    0.05,968.00
    0.05,968.01
    0.05,968.02
    0.05,968.03
    0.05,968.04
    0.05,968.05
    0.05,968.06
    0.05,968.07
    0.05,968.08
    0.05,968.09
    0.05,968.10
    0.05,968.11
    0.05,968.12
    0.05,968.13
    0.05,968.14
    0.05,968.15
    0.05,968.16
    0.05,968.17
    0.05,968.18
    0.05,968.19
    0.05,968.20
    0.05,968.21
    0.05,968.22
    0.05,968.23
    0.05,968.24
    0.05,968.25
    0.05,968.26
    0.05,968.27
    0.05,968.28
    0.05,968.29
    0.05,968.30
    0.05,968.31
    0.05,968.32
    0.05,968.31
    0.05,968.30
    0.05,968.29
    0.05,968.28
    0.05,968.27
    0.05,968.26
    0.05,968.25
    0.05,968.24
    0.05,968.23
    0.05,968.22
    0.05,968.21
    0.05,968.20
    0.05,968.19
    0.05,968.18
    0.05,968.17
    0.05,968.16
    0.05,968.15
    0.05,968.14
    0.05,968.13
    0.05,968.12
    0.05,968.11
    0.05,968.10
    0.05,968.09
    0.05,968.08
    0.05,968.07
    0.05,968.06
    0.05,968.05
    0.05,968.04
    0.05,968.03
    0.05,968.02
    0.05,968.01
    0.05,968.00
    0.05,967.99
    0.05,967.98
    0.05,967.97
    0.05,967.96
    0.05,967.95
    0.05,967.94
    0.05,967.93
    0.05,967.92
    0.05,967.91
    0.05,967.90
    0.05,967.89
    0.05,967.88
    0.05,967.87
    0.05,967.86
    0.05,967.85
    0.05,967.84
    0.05,967.83
    0.05,967.82
    0.05,967.81
    0.05,967.80
    0.05,967.79
    0.05,967.78
    0.05,967.77
    0.05,967.76
    0.05,967.75
    0.05,967.74
    0.05,967.73
    0.05,967.72
    0.05,967.71
    0.05,967.70
    0.05,967.69
    0.05,967.68
    0.05,967.67
    0.05,967.66
    0.05,967.65
    0.05,967.64
    0.05,967.63
    0.05,967.62
    0.05,967.61
    0.05,967.60
    0.05,967.59
    0.05,967.58
    0.05,967.57
    0.05,967.56
    0.05,967.55
    0.05,967.54
    0.05,967.53
    0.05,967.52
    0.05,967.51
    0.05,967.50
    0.05,967.49
    0.05,967.48
    0.05,967.47
    0.05,967.46
    0.05,967.45
    0.05,967.44
    0.05,967.43
    0.05,967.42
    0.05,967.41
    0.05,967.40
    0.05,967.39
    0.05,967.38
    0.05,967.37
    0.05,967.36
    0.05,967.35
    0.05,967.34
    0.05,967.33
    0.05,967.32
ERROR
ERROR
ERROR
ERROR
ERROR
ERROR
ERROR
ERROR
ERROR
ERROR
ERROR
ERROR
ERROR
ERROR
ERROR
ERROR
ERROR
ERROR
ERROR
ERROR
ERROR
ERROR
ERROR
ERROR
ERROR
ERROR
ERROR
ERROR
ERROR
ERROR
ERROR
ERROR
ERROR
ERROR
ERROR
ERROR
ERROR
ERROR
ERROR
ERROR
ERROR
ERROR
ERROR
ERROR
ERROR
ERROR
ERROR
ERROR
ERROR
ERROR
ERROR
ERROR
ERROR
ERROR
ERROR
ERROR
ERROR
ERROR
ERROR
ERROR
ERROR
ERROR
ERROR
ERROR
ERROR
ERROR
ERROR
ERROR
ERROR
ERROR
ERROR
ERROR
ERROR
ERROR
ERROR
ERROR
ERROR
ERROR
ERROR
ERROR
ERROR
ERROR
ERROR
ERROR
ERROR
ERROR
ERROR
ERROR
ERROR
ERROR
ERROR
ERROR
ERROR
ERROR
ERROR
ERROR
ERROR
ERROR
ERROR
 PATH path4178 FOUND 
 2) 82.41,989.31
    81.29,989.32
    80.18,989.34
    79.07,989.38
    77.96,989.43
    76.85,989.50
    75.74,989.58
    74.63,989.68
    73.52,989.79
    72.41,989.91
    71.30,990.05
    70.20,990.20
    69.10,990.37
    68.00,990.55
    66.90,990.75
    65.81,990.96
    64.72,991.18
    63.63,991.42
    62.54,991.67
    61.46,991.94
    60.38,992.22
    59.30,992.52
    58.23,992.83
    57.16,993.15
    56.10,993.49
    55.04,993.84
    53.99,994.21
    52.94,994.59
    51.90,994.98
    50.86,995.39
    49.83,995.81
    48.80,996.24
    47.78,996.69
    46.76,997.15
    45.75,997.62
    44.75,998.11
    43.75,998.61
    42.76,999.12
    41.78,999.64
    40.80,1000.18
    39.83,1000.73
    38.87,1001.29
    37.92,1001.87
    36.97,1002.46
    36.03,1003.06
    35.10,1003.67
    34.18,1004.29
    33.26,1004.93
    32.35,1005.58
    31.45,1006.24
    30.56,1006.91
    29.68,1007.59
    28.81,1008.28
    27.95,1008.99
    27.10,1009.71
    26.26,1010.44
    25.43,1011.18
    24.61,1011.93
    23.79,1012.69
    22.99,1013.46
    22.19,1014.24
    21.41,1015.03
    20.64,1015.83
    19.88,1016.64
    19.13,1017.46
    18.39,1018.29
    17.66,1019.13
    16.94,1019.98
    16.23,1020.84
    15.53,1021.71
    14.84,1022.59
    14.17,1023.48
    13.51,1024.38
    12.86,1025.28
    12.22,1026.19
    11.59,1027.11
    10.97,1028.04
    10.37,1028.98
    9.78,1029.93
    9.20,1030.88
    8.63,1031.84
    8.08,1032.81
    7.54,1033.78
    7.01,1034.76
    6.49,1035.75
    5.99,1036.74
    5.50,1037.74
    5.02,1038.75
    4.56,1039.76
    4.11,1040.78
    3.67,1041.81
    3.25,1042.84
    2.84,1043.88
    2.44,1044.92
    2.06,1045.97
    1.69,1047.02
    1.34,1048.08
    1.00,1049.14
    0.67,1050.20
    0.36,1051.27
    0.06,1052.34
    1.71,1052.34
    3.36,1052.34
    5.01,1052.34
    6.66,1052.34
    8.31,1052.34
    9.96,1052.34
    11.61,1052.34
    13.26,1052.34
    14.91,1052.34
    16.56,1052.34
    18.21,1052.34
    19.86,1052.34
    21.51,1052.34
    23.16,1052.34
    24.81,1052.34
    26.46,1052.34
    28.11,1052.34
    29.76,1052.34
    31.41,1052.34
    33.06,1052.34
    34.71,1052.34
    36.36,1052.34
    38.01,1052.34
    39.66,1052.34
    41.31,1052.34
    42.96,1052.34
    44.61,1052.34
    46.26,1052.34
    47.91,1052.34
    49.56,1052.34
    51.21,1052.34
    52.86,1052.34
    54.51,1052.34
    56.16,1052.34
    57.81,1052.34
    59.46,1052.34
    61.11,1052.34
    62.76,1052.34
    64.41,1052.34
    66.06,1052.34
    67.71,1052.34
    69.36,1052.34
    71.01,1052.34
    72.66,1052.34
    74.31,1052.34
    75.96,1052.34
    77.61,1052.34
    79.26,1052.34
    80.91,1052.34
    82.56,1052.34
    84.21,1052.34
    85.86,1052.34
    87.51,1052.34
    89.16,1052.34
    90.81,1052.34
    92.46,1052.34
    94.11,1052.34
    95.76,1052.34
    97.41,1052.34
    99.06,1052.34
    100.71,1052.34
    102.36,1052.34
    104.01,1052.34
    105.66,1052.34
    107.31,1052.34
    108.96,1052.34
    110.61,1052.34
    112.26,1052.34
    113.91,1052.34
    115.56,1052.34
    117.21,1052.34
    118.86,1052.34
    120.51,1052.34
    122.16,1052.34
    123.81,1052.34
    125.46,1052.34
    127.11,1052.34
    128.76,1052.34
    130.41,1052.34
    132.06,1052.34
    133.71,1052.34
    135.36,1052.34
    137.01,1052.34
    138.66,1052.34
    140.31,1052.34
    141.96,1052.34
    143.61,1052.34
    145.26,1052.34
    146.91,1052.34
    148.56,1052.34
    150.21,1052.34
    151.86,1052.34
    153.51,1052.34
    155.16,1052.34
    156.81,1052.34
    158.46,1052.34
    160.11,1052.34
    161.76,1052.34
    163.41,1052.34
    165.06,1052.34
    164.76,1051.26
    164.45,1050.19
    164.12,1049.12
    163.78,1048.06
    163.43,1047.00
    163.06,1045.95
    162.68,1044.90
    162.28,1043.86
    161.87,1042.82
    161.45,1041.79
    161.01,1040.76
    160.56,1039.74
    160.10,1038.73
    159.62,1037.72
    159.13,1036.72
    158.63,1035.72
    158.11,1034.73
    157.58,1033.75
    157.04,1032.77
    156.49,1031.80
    155.92,1030.84
    155.34,1029.89
    154.75,1028.95
    154.15,1028.01
    153.53,1027.08
    152.90,1026.16
    152.26,1025.25
    151.61,1024.35
    150.95,1023.45
    150.27,1022.56
    149.58,1021.68
    148.88,1020.81
    148.17,1019.95
    147.45,1019.10
    146.72,1018.26
    145.98,1017.43
    145.23,1016.61
    144.47,1015.80
    143.69,1015.00
    142.90,1014.21
    142.10,1013.43
    141.29,1012.66
    140.47,1011.90
    139.64,1011.15
    138.81,1010.41
    137.97,1009.68
    137.12,1008.96
    136.26,1008.25
    135.39,1007.56
    134.51,1006.88
    133.62,1006.21
    132.72,1005.55
    131.81,1004.90
    130.89,1004.26
    129.97,1003.64
    129.04,1003.03
    128.10,1002.43
    127.15,1001.84
    126.19,1001.26
    125.23,1000.70
    124.26,1000.15
    123.28,999.61
    122.30,999.09
    121.31,998.58
    120.31,998.08
    119.31,997.59
    118.30,997.12
    117.28,996.66
    116.26,996.21
    115.23,995.78
    114.20,995.36
    113.16,994.95
    112.12,994.56
    111.07,994.18
    110.02,993.82
    108.96,993.47
    107.90,993.13
    106.83,992.81
    105.76,992.50
    104.68,992.21
    103.60,991.93
    102.52,991.66
    101.43,991.41
    100.34,991.17
    99.25,990.95
    98.15,990.74
    97.05,990.54
    95.95,990.36
    94.85,990.19
    93.74,990.04
    92.63,989.90
    91.52,989.78
    90.41,989.67
    89.30,989.58
    88.19,989.50
    87.08,989.43
    85.97,989.38
    84.86,989.34
    83.74,989.32
    82.63,989.31
ERROR
ERROR
ERROR
ERROR
ERROR
ERROR
ERROR
ERROR
ERROR
ERROR
ERROR
ERROR
ERROR
ERROR
ERROR
ERROR
ERROR
ERROR
ERROR
ERROR
ERROR
ERROR
ERROR
ERROR
ERROR
ERROR
ERROR
ERROR
ERROR
ERROR
ERROR
ERROR
ERROR
ERROR
ERROR
ERROR
ERROR
ERROR
ERROR
ERROR
ERROR
ERROR
ERROR
ERROR
ERROR
ERROR
ERROR
ERROR
ERROR
ERROR
ERROR
ERROR
ERROR
ERROR
ERROR
ERROR
ERROR
ERROR
ERROR
ERROR
ERROR
ERROR
ERROR
ERROR
ERROR
ERROR
ERROR
ERROR
ERROR
ERROR
ERROR
ERROR
ERROR
ERROR
ERROR
ERROR
ERROR
ERROR
ERROR
ERROR
ERROR
ERROR
ERROR
ERROR
ERROR
ERROR
ERROR
ERROR
ERROR
ERROR
ERROR
ERROR
ERROR
ERROR
ERROR
ERROR
ERROR
ERROR
ERROR

Object origin:
82.505000 43.010000

Eagle Command:
set wire_bend 2;
change layer 21;
set width 0;
poly (R 0.027038 -0.477250) (R 0.027149 -0.477250) (R 0.027260 -0.477250) (R 0.027371 -0.477250) (R 0.027482 -0.477250) (R 0.027593 -0.477250) (R 0.027704 -0.477250) (R 0.027816 -0.477250) (R 0.027927 -0.477250) (R 0.028038 -0.477250) (R 0.028149 -0.477250) (R 0.028260 -0.477250) (R 0.028371 -0.477250) (R 0.028482 -0.477250) (R 0.028593 -0.477250) (R 0.028704 -0.477250) (R 0.028815 -0.477250) (R 0.028926 -0.477250) (R 0.029037 -0.477250) (R 0.029148 -0.477250) (R 0.029259 -0.477250) (R 0.029370 -0.477250) (R 0.029481 -0.477250) (R 0.029592 -0.477250) (R 0.029703 -0.477250) (R 0.029814 -0.477250) (R 0.029925 -0.477250) (R 0.030036 -0.477250) (R 0.030147 -0.477250) (R 0.030258 -0.477250) (R 0.030369 -0.477250) (R 0.030480 -0.477250) (R 0.030592 -0.477250) (R 0.030703 -0.477250) (R 0.030814 -0.477250) (R 0.030925 -0.477250) (R 0.031036 -0.477250) (R 0.031147 -0.477250) (R 0.031258 -0.477250) (R 0.031369 -0.477250) (R 0.031480 -0.477250) (R 0.031591 -0.477250) (R 0.031702 -0.477250) (R 0.031813 -0.477250) (R 0.031924 -0.477250) (R 0.032035 -0.477250) (R 0.032146 -0.477250) (R 0.032257 -0.477250) (R 0.032368 -0.477250) (R 0.032479 -0.477250) (R 0.032590 -0.477250) (R 0.032701 -0.477250) (R 0.032812 -0.477250) (R 0.032923 -0.477250) (R 0.033034 -0.477250) (R 0.033145 -0.477250) (R 0.033256 -0.477250) (R 0.033368 -0.477250) (R 0.033479 -0.477250) (R 0.033590 -0.477250) (R 0.033701 -0.477250) (R 0.033812 -0.477250) (R 0.033923 -0.477250) (R 0.034034 -0.477250) (R 0.034145 -0.477250) (R 0.034256 -0.477250) (R 0.034367 -0.477250) (R 0.034478 -0.477250) (R 0.034589 -0.477250) (R 0.034700 -0.477250) (R 0.034811 -0.477250) (R 0.034922 -0.477250) (R 0.035033 -0.477250) (R 0.035144 -0.477250) (R 0.035255 -0.477250) (R 0.035366 -0.477250) (R 0.035477 -0.477250) (R 0.035588 -0.477250) (R 0.035699 -0.477250) (R 0.035810 -0.477250) (R 0.035921 -0.477250) (R 0.036032 -0.477250) (R 0.036144 -0.477250) (R 0.036255 -0.477250) (R 0.036366 -0.477250) (R 0.036477 -0.477250) (R 0.036588 -0.477250) (R 0.036699 -0.477250) (R 0.036810 -0.477250) (R 0.036921 -0.477250) (R 0.037032 -0.477250) (R 0.037143 -0.477250) (R 0.037254 -0.477250) (R 0.037365 -0.477250) (R 0.037476 -0.477250) (R 0.037587 -0.477250) (R 0.037698 -0.477250) (R 0.037809 -0.477250) (R 0.037920 -0.477250) (R 0.038031 -0.477250) (R 0.038142 -0.477250) (R 0.038253 -0.477250) (R 0.038364 -0.477250) (R 0.038475 -0.477250) (R 0.038586 -0.477250) (R 0.038697 -0.477250) (R 0.038808 -0.477250) (R 0.038920 -0.477250) (R 0.039031 -0.477250) (R 0.039142 -0.477250) (R 0.039253 -0.477250) (R 0.039364 -0.477250) (R 0.039475 -0.477250) (R 0.039586 -0.477250) (R 0.039697 -0.477250) (R 0.039808 -0.477250) (R 0.039919 -0.477250) (R 0.040030 -0.477250) (R 0.040141 -0.477250) (R 0.040252 -0.477250) (R 0.040363 -0.477250) (R 0.040474 -0.477250) (R 0.040585 -0.477250) (R 0.040696 -0.477250) (R 0.040807 -0.477250) (R 0.040918 -0.477250) (R 0.041029 -0.477250) (R 0.041140 -0.477250) (R 0.041251 -0.477250) (R 0.041362 -0.477250) (R 0.041473 -0.477250) (R 0.041584 -0.477250) (R 0.041696 -0.477250) (R 0.041807 -0.477250) (R 0.041918 -0.477250) (R 0.042029 -0.477250) (R 0.042140 -0.477250) (R 0.042251 -0.477250) (R 0.042362 -0.477250) (R 0.042473 -0.477250) (R 0.042584 -0.477250) (R 0.042695 -0.477250) (R 0.042806 -0.477250) (R 0.042917 -0.477250) (R 0.043028 -0.477250) (R 0.043139 -0.477250) (R 0.043250 -0.477250) (R 0.043139 -0.477250) (R 0.043028 -0.477250) (R 0.042917 -0.477250) (R 0.042806 -0.477250) (R 0.042695 -0.477250) (R 0.042584 -0.477250) (R 0.042473 -0.477250) (R 0.042362 -0.477250) (R 0.042251 -0.477250) (R 0.042140 -0.477250) (R 0.042029 -0.477250) (R 0.041918 -0.477250) (R 0.041807 -0.477250) (R 0.041696 -0.477250) (R 0.041584 -0.477250) (R 0.041473 -0.477250) (R 0.041362 -0.477250) (R 0.041251 -0.477250) (R 0.041140 -0.477250) (R 0.041029 -0.477250) (R 0.040918 -0.477250) (R 0.040807 -0.477250) (R 0.040696 -0.477250) (R 0.040585 -0.477250) (R 0.040474 -0.477250) (R 0.040363 -0.477250) (R 0.040252 -0.477250) (R 0.040141 -0.477250) (R 0.040030 -0.477250) (R 0.039919 -0.477250) (R 0.039808 -0.477250) (R 0.039697 -0.477250) (R 0.039586 -0.477250) (R 0.039475 -0.477250) (R 0.039364 -0.477250) (R 0.039253 -0.477250) (R 0.039142 -0.477250) (R 0.039031 -0.477250) (R 0.038920 -0.477250) (R 0.038808 -0.477250) (R 0.038697 -0.477250) (R 0.038586 -0.477250) (R 0.038475 -0.477250) (R 0.038364 -0.477250) (R 0.038253 -0.477250) (R 0.038142 -0.477250) (R 0.038031 -0.477250) (R 0.037920 -0.477250) (R 0.037809 -0.477250) (R 0.037698 -0.477250) (R 0.037587 -0.477250) (R 0.037476 -0.477250) (R 0.037365 -0.477250) (R 0.037254 -0.477250) (R 0.037143 -0.477250) (R 0.037032 -0.477250) (R 0.036921 -0.477250) (R 0.036810 -0.477250) (R 0.036699 -0.477250) (R 0.036588 -0.477250) (R 0.036477 -0.477250) (R 0.036366 -0.477250) (R 0.036255 -0.477250) (R 0.036144 -0.477250) (R 0.036032 -0.477250) (R 0.035921 -0.477250) (R 0.035810 -0.477250) (R 0.035699 -0.477250) (R 0.035588 -0.477250) (R 0.035477 -0.477250) (R 0.035366 -0.477250) (R 0.035255 -0.477250) (R 0.035144 -0.477250) (R 0.035033 -0.477250) (R 0.034922 -0.477250) (R 0.034811 -0.477250) (R 0.034700 -0.477250) (R 0.034589 -0.477250) (R 0.034478 -0.477250) (R 0.034367 -0.477250) (R 0.034256 -0.477250) (R 0.034145 -0.477250) (R 0.034034 -0.477250) (R 0.033923 -0.477250) (R 0.033812 -0.477250) (R 0.033701 -0.477250) (R 0.033590 -0.477250) (R 0.033479 -0.477250) (R 0.033368 -0.477250) (R 0.033256 -0.477250) (R 0.033145 -0.477250) (R 0.033034 -0.477250) (R 0.032923 -0.477250) (R 0.032812 -0.477250) (R 0.032701 -0.477250) (R 0.032590 -0.477250) (R 0.032479 -0.477250) (R 0.032368 -0.477250) (R 0.032257 -0.477250) (R 0.032146 -0.477250) (R 0.027038 -0.477250);
poly (R -0.916136 0.477583) (R -0.916136 0.477472) (R -0.916136 0.477361) (R -0.916136 0.477250) (R -0.916136 0.477139) (R -0.916136 0.477028) (R -0.916136 0.476917) (R -0.916136 0.476806) (R -0.916136 0.476695) (R -0.916136 0.476584) (R -0.916136 0.476473) (R -0.916136 0.476362) (R -0.916136 0.476251) (R -0.916136 0.476140) (R -0.916136 0.476028) (R -0.916136 0.475917) (R -0.916136 0.475806) (R -0.916136 0.475695) (R -0.916136 0.475584) (R -0.916136 0.475473) (R -0.916136 0.475362) (R -0.916136 0.475251) (R -0.916136 0.475140) (R -0.916136 0.475029) (R -0.916136 0.474918) (R -0.916136 0.474807) (R -0.916136 0.474696) (R -0.916136 0.474585) (R -0.916136 0.474474) (R -0.916136 0.474363) (R -0.916136 0.474252) (R -0.916136 0.474141) (R -0.916136 0.474030) (R -0.916136 0.473919) (R -0.916136 0.473808) (R -0.916136 0.473697) (R -0.916136 0.473586) (R -0.916136 0.473475) (R -0.916136 0.473364) (R -0.916136 0.473252) (R -0.916136 0.473141) (R -0.916136 0.473030) (R -0.916136 0.472919) (R -0.916136 0.472808) (R -0.916136 0.472697) (R -0.916136 0.472586) (R -0.916136 0.472475) (R -0.916136 0.472364) (R -0.916136 0.472253) (R -0.916136 0.472142) (R -0.916136 0.472031) (R -0.916136 0.471920) (R -0.916136 0.471809) (R -0.916136 0.471698) (R -0.916136 0.471587) (R -0.916136 0.471476) (R -0.916136 0.471365) (R -0.916136 0.471254) (R -0.916136 0.471143) (R -0.916136 0.471032) (R -0.916136 0.470921) (R -0.916136 0.470810) (R -0.916136 0.470699) (R -0.916136 0.470588) (R -0.916136 0.470476) (R -0.916136 0.470365) (R -0.916136 0.470254) (R -0.916136 0.470143) (R -0.916136 0.470032) (R -0.916136 0.469921) (R -0.916136 0.469810) (R -0.916136 0.469699) (R -0.916136 0.469588) (R -0.916136 0.469477) (R -0.916136 0.469366) (R -0.916136 0.469255) (R -0.916136 0.469144) (R -0.916136 0.469033) (R -0.916136 0.468922) (R -0.916136 0.468811) (R -0.916136 0.468700) (R -0.916136 0.468589) (R -0.916136 0.468478) (R -0.916136 0.468367) (R -0.916136 0.468256) (R -0.916136 0.468145) (R -0.916136 0.468034) (R -0.916136 0.467923) (R -0.916136 0.467812) (R -0.916136 0.467700) (R -0.916136 0.467589) (R -0.916136 0.467478) (R -0.916136 0.467367) (R -0.916136 0.467256) (R -0.916136 0.467145) (R -0.916136 0.467034) (R -0.916136 0.466923) (R -0.916136 0.466812) (R -0.916136 0.466701) (R -0.916136 0.466590) (R -0.916136 0.466479) (R -0.916136 0.466368) (R -0.916136 0.466257) (R -0.916136 0.466146) (R -0.916136 0.466035) (R -0.916136 0.465924) (R -0.916136 0.465813) (R -0.916136 0.465702) (R -0.916136 0.465591) (R -0.916136 0.465480) (R -0.916136 0.465369) (R -0.916136 0.465258) (R -0.916136 0.465147) (R -0.916136 0.465036) (R -0.916136 0.464924) (R -0.916136 0.464813) (R -0.916136 0.464702) (R -0.916136 0.464591) (R -0.916136 0.464480) (R -0.916136 0.464369) (R -0.916136 0.464258) (R -0.916136 0.464147) (R -0.916136 0.464036) (R -0.916136 0.463925) (R -0.916136 0.463814) (R -0.916136 0.463703) (R -0.916136 0.463592) (R -0.916136 0.463481) (R -0.916136 0.463370) (R -0.916136 0.463259) (R -0.916136 0.463148) (R -0.916136 0.463037) (R -0.916136 0.462926) (R -0.916136 0.462815) (R -0.916136 0.462704) (R -0.916136 0.462593) (R -0.916136 0.462482) (R -0.916136 0.462371) (R -0.916136 0.462260) (R -0.916136 0.462148) (R -0.916136 0.462037) (R -0.916136 0.461926) (R -0.916136 0.461815) (R -0.916136 0.461704) (R -0.916136 0.461593) (R -0.916136 0.461482) (R -0.916136 0.461371) (R -0.916136 0.461260) (R -0.916136 0.461149) (R -0.916136 0.461038) (R -0.916136 0.460927) (R -0.916136 0.460816) (R -0.916136 0.460705) (R -0.916136 0.460594) (R -0.916136 0.460483) (R -0.916136 0.460372) (R -0.916136 0.460261) (R -0.916136 0.460150) (R -0.916136 0.460039) (R -0.916136 0.459928) (R -0.916136 0.459817) (R -0.916136 0.459706) (R -0.916136 0.459595) (R -0.916136 0.459484) (R -0.916136 0.459372) (R -0.916136 0.459261) (R -0.916136 0.459150) (R -0.916136 0.459039) (R -0.916136 0.458928) (R -0.916136 0.458817) (R -0.916136 0.458706) (R -0.916136 0.458595) (R -0.916136 0.458484) (R -0.916136 0.458373) (R -0.916136 0.458262) (R -0.916136 0.458151) (R -0.916136 0.458040) (R -0.916136 0.457929) (R -0.916136 0.457818) (R -0.916136 0.457707) (R -0.916136 0.457596) (R -0.916136 0.457485) (R -0.916136 0.457374) (R -0.916136 0.457263) (R -0.916136 0.457152) (R -0.916136 0.457041) (R -0.916136 0.456930) (R -0.916136 0.456819) (R -0.916136 0.456708) (R -0.916136 0.456596) (R -0.916136 0.456485) (R -0.916136 0.456374) (R -0.916136 0.456263) (R -0.916136 0.456152) (R -0.916136 0.456041) (R -0.916136 0.455930) (R -0.916136 0.455819) (R -0.916136 0.455708) (R -0.916136 0.455597) (R -0.916136 0.455486) (R -0.916136 0.455375) (R -0.916136 0.455486) (R -0.916136 0.455597) (R -0.916136 0.455708) (R -0.916136 0.455819) (R -0.916136 0.455930) (R -0.916136 0.456041) (R -0.916136 0.456152) (R -0.916136 0.456263) (R -0.916136 0.456374) (R -0.916136 0.456485) (R -0.916136 0.456596) (R -0.916136 0.456708) (R -0.916136 0.456819) (R -0.916136 0.456930) (R -0.916136 0.457041) (R -0.916136 0.457152) (R -0.916136 0.457263) (R -0.916136 0.457374) (R -0.916136 0.457485) (R -0.916136 0.457596) (R -0.916136 0.457707) (R -0.916136 0.457818) (R -0.916136 0.457929) (R -0.916136 0.458040) (R -0.916136 0.458151) (R -0.916136 0.458262) (R -0.916136 0.458373) (R -0.916136 0.458484) (R -0.916136 0.458595) (R -0.916136 0.458706) (R -0.916136 0.458817) (R -0.916136 0.458928) (R -0.916136 0.459039) (R -0.916136 0.459150) (R -0.916136 0.459261) (R -0.916136 0.459372) (R -0.916136 0.459484) (R -0.916136 0.459595) (R -0.916136 0.459706) (R -0.916136 0.459817) (R -0.916136 0.459928) (R -0.916136 0.460039) (R -0.916136 0.460150) (R -0.916136 0.460261) (R -0.916136 0.460372) (R -0.916136 0.460483) (R -0.916136 0.460594) (R -0.916136 0.460705) (R -0.916136 0.460816) (R -0.916136 0.460927) (R -0.916136 0.461038) (R -0.916136 0.461149) (R -0.916136 0.461260) (R -0.916136 0.461371) (R -0.916136 0.461482) (R -0.916136 0.461593) (R -0.916136 0.461704) (R -0.916136 0.461815) (R -0.916136 0.461926) (R -0.916136 0.462037) (R -0.916136 0.462148) (R -0.916136 0.462260) (R -0.916136 0.462371) (R -0.916136 0.462482) (R -0.916136 0.462593) (R -0.916136 0.462704) (R -0.916136 0.462815) (R -0.916136 0.462926) (R -0.916136 0.463037) (R -0.916136 0.463148) (R -0.916136 0.463259) (R -0.916136 0.463370) (R -0.916136 0.463481) (R -0.916136 0.463592) (R -0.916136 0.463703) (R -0.916136 0.463814) (R -0.916136 0.463925) (R -0.916136 0.464036) (R -0.916136 0.464147) (R -0.916136 0.464258) (R -0.916136 0.464369) (R -0.916136 0.464480) (R -0.916136 0.464591) (R -0.916136 0.464702) (R -0.916136 0.464813) (R -0.916136 0.464924) (R -0.916136 0.465036) (R -0.916136 0.465147) (R -0.916136 0.465258) (R -0.916136 0.465369) (R -0.916136 0.465480) (R -0.916136 0.465591) (R -0.916136 0.465702) (R -0.916136 0.465813) (R -0.916136 0.465924) (R -0.916136 0.466035) (R -0.916136 0.466146) (R -0.916136 0.466257) (R -0.916136 0.466368) (R -0.916136 0.466479) (R -0.916136 0.477583);
poly (R -0.001610 0.222302) (R -0.014047 0.222191) (R -0.026372 0.221969) (R -0.038697 0.221525) (R -0.051023 0.220970) (R -0.063348 0.220192) (R -0.075674 0.219304) (R -0.087999 0.218194) (R -0.100325 0.216972) (R -0.112650 0.215640) (R -0.124976 0.214085) (R -0.137190 0.212420) (R -0.149404 0.210532) (R -0.161619 0.208533) (R -0.173833 0.206312) (R -0.185936 0.203980) (R -0.198040 0.201538) (R -0.210143 0.198873) (R -0.222247 0.196097) (R -0.234239 0.193099) (R -0.246231 0.189989) (R -0.258224 0.186658) (R -0.270105 0.183216) (R -0.281986 0.179663) (R -0.293756 0.175887) (R -0.305527 0.172001) (R -0.317186 0.167892) (R -0.328845 0.163673) (R -0.340393 0.159342) (R -0.351941 0.154790) (R -0.363378 0.150126) (R -0.374816 0.145351) (R -0.386142 0.140355) (R -0.397468 0.135247) (R -0.408683 0.130028) (R -0.419787 0.124587) (R -0.430891 0.119035) (R -0.441884 0.113372) (R -0.452766 0.107598) (R -0.463648 0.101602) (R -0.474418 0.095494) (R -0.485078 0.089276) (R -0.495627 0.082836) (R -0.506176 0.076284) (R -0.516614 0.069622) (R -0.526940 0.062849) (R -0.537156 0.055964) (R -0.547372 0.048858) (R -0.557476 0.041640) (R -0.567470 0.034311) (R -0.577352 0.026872) (R -0.587124 0.019321) (R -0.596784 0.011659) (R -0.606334 0.003775) (R -0.615772 -0.004220) (R -0.625100 -0.012325) (R -0.634316 -0.020542) (R -0.643421 -0.028870) (R -0.652527 -0.037309) (R -0.661410 -0.045860) (R -0.670293 -0.054521) (R -0.678954 -0.063293) (R -0.687504 -0.072176) (R -0.695943 -0.081170) (R -0.704271 -0.090276) (R -0.712488 -0.099492) (R -0.720594 -0.108819) (R -0.728589 -0.118258) (R -0.736473 -0.127807) (R -0.744246 -0.137468) (R -0.751907 -0.147239) (R -0.759347 -0.157122) (R -0.766676 -0.167115) (R -0.773893 -0.177109) (R -0.781000 -0.187213) (R -0.787995 -0.197429) (R -0.794880 -0.207756) (R -0.801542 -0.218194) (R -0.808094 -0.228742) (R -0.814534 -0.239291) (R -0.820863 -0.249951) (R -0.826970 -0.260722) (R -0.832967 -0.271493) (R -0.838852 -0.282375) (R -0.844626 -0.293368) (R -0.850178 -0.304361) (R -0.855619 -0.315465) (R -0.860949 -0.326680) (R -0.866056 -0.337895) (R -0.871053 -0.349221) (R -0.875939 -0.360658) (R -0.880603 -0.372095) (R -0.885155 -0.383643) (R -0.889597 -0.395191) (R -0.893816 -0.406851) (R -0.897925 -0.418510) (R -0.901811 -0.430280) (R -0.905587 -0.442050) (R -0.909251 -0.453820) (R -0.912693 -0.465702) (R -0.916024 -0.477583) (R -0.897703 -0.477583) (R -0.879381 -0.477583) (R -0.861060 -0.477583) (R -0.842738 -0.477583) (R -0.824416 -0.477583) (R -0.806095 -0.477583) (R -0.787773 -0.477583) (R -0.769452 -0.477583) (R -0.751130 -0.477583) (R -0.732808 -0.477583) (R -0.714487 -0.477583) (R -0.696165 -0.477583) (R -0.677844 -0.477583) (R -0.659522 -0.477583) (R -0.641200 -0.477583) (R -0.622879 -0.477583) (R -0.604557 -0.477583) (R -0.586236 -0.477583) (R -0.567914 -0.477583) (R -0.549592 -0.477583) (R -0.531271 -0.477583) (R -0.512949 -0.477583) (R -0.494628 -0.477583) (R -0.476306 -0.477583) (R -0.457984 -0.477583) (R -0.439663 -0.477583) (R -0.421341 -0.477583) (R -0.403020 -0.477583) (R -0.384698 -0.477583) (R -0.366376 -0.477583) (R -0.348055 -0.477583) (R -0.329733 -0.477583) (R -0.311412 -0.477583) (R -0.293090 -0.477583) (R -0.274768 -0.477583) (R -0.256447 -0.477583) (R -0.238125 -0.477583) (R -0.219804 -0.477583) (R -0.201482 -0.477583) (R -0.183160 -0.477583) (R -0.164839 -0.477583) (R -0.146517 -0.477583) (R -0.128196 -0.477583) (R -0.109874 -0.477583) (R -0.091552 -0.477583) (R -0.073231 -0.477583) (R -0.054909 -0.477583) (R -0.036588 -0.477583) (R -0.018266 -0.477583) (R 0.000056 -0.477583) (R 0.018377 -0.477583) (R 0.036699 -0.477583) (R 0.055020 -0.477583) (R 0.073342 -0.477583) (R 0.091664 -0.477583) (R 0.109985 -0.477583) (R 0.128307 -0.477583) (R 0.146628 -0.477583) (R 0.164950 -0.477583) (R 0.183272 -0.477583) (R 0.201593 -0.477583) (R 0.219915 -0.477583) (R 0.238236 -0.477583) (R 0.256558 -0.477583) (R 0.274880 -0.477583) (R 0.293201 -0.477583) (R 0.311523 -0.477583) (R 0.329844 -0.477583) (R 0.348166 -0.477583) (R 0.366488 -0.477583) (R 0.384809 -0.477583) (R 0.403131 -0.477583) (R 0.421452 -0.477583) (R 0.439774 -0.477583) (R 0.458096 -0.477583) (R 0.476417 -0.477583) (R 0.494739 -0.477583) (R 0.513060 -0.477583) (R 0.531382 -0.477583) (R 0.549704 -0.477583) (R 0.568025 -0.477583) (R 0.586347 -0.477583) (R 0.604668 -0.477583) (R 0.622990 -0.477583) (R 0.641312 -0.477583) (R 0.659633 -0.477583) (R 0.677955 -0.477583) (R 0.696276 -0.477583) (R 0.714598 -0.477583) (R 0.732920 -0.477583) (R 0.751241 -0.477583) (R 0.769563 -0.477583) (R 0.787884 -0.477583) (R 0.806206 -0.477583) (R 0.824528 -0.477583) (R 0.842849 -0.477583) (R 0.861171 -0.477583) (R 0.879492 -0.477583) (R 0.897814 -0.477583) (R 0.916136 -0.477583) (R 0.912804 -0.465591) (R 0.909362 -0.453709) (R 0.905698 -0.441828) (R 0.901922 -0.430058) (R 0.898036 -0.418288) (R 0.893928 -0.406628) (R 0.889708 -0.394969) (R 0.885266 -0.383421) (R 0.880714 -0.371873) (R 0.876050 -0.360436) (R 0.871164 -0.348999) (R 0.866168 -0.337673) (R 0.861060 -0.326458) (R 0.855730 -0.315243) (R 0.850289 -0.304139) (R 0.844737 -0.293035) (R 0.838963 -0.282042) (R 0.833078 -0.271160) (R 0.827081 -0.260278) (R 0.820974 -0.249507) (R 0.814645 -0.238847) (R 0.808205 -0.228298) (R 0.801653 -0.217860) (R 0.794991 -0.207423) (R 0.788106 -0.197096) (R 0.781111 -0.186880) (R 0.774004 -0.176776) (R 0.766787 -0.166782) (R 0.759458 -0.156788) (R 0.751907 -0.146906) (R 0.744246 -0.137134) (R 0.736473 -0.127474) (R 0.728589 -0.117924) (R 0.720594 -0.108486) (R 0.712488 -0.099159) (R 0.704271 -0.089942) (R 0.695943 -0.080837) (R 0.687504 -0.071843) (R 0.678843 -0.062960) (R 0.670071 -0.054188) (R 0.661188 -0.045526) (R 0.652193 -0.036976) (R 0.643088 -0.028537) (R 0.633872 -0.020209) (R 0.624656 -0.011992) (R 0.615328 -0.003886) (R 0.605890 0.004108) (R 0.596340 0.011992) (R 0.586680 0.019654) (R 0.576908 0.027205) (R 0.567026 0.034644) (R 0.557032 0.041973) (R 0.546928 0.049191) (R 0.536712 0.056297) (R 0.526496 0.063182) (R 0.516169 0.069955) (R 0.505732 0.076618) (R 0.495183 0.083169) (R 0.484523 0.089609) (R 0.473863 0.095828) (R 0.463092 0.101935) (R 0.452210 0.107931) (R 0.441328 0.113705) (R 0.430336 0.119368) (R 0.419232 0.124920) (R 0.408128 0.130361) (R 0.396912 0.135580) (R 0.385586 0.140688) (R 0.374260 0.145684) (R 0.362823 0.150459) (R 0.351386 0.155123) (R 0.339838 0.159676) (R 0.328290 0.164006) (R 0.316631 0.168226) (R 0.304971 0.172223) (R 0.293201 0.176109) (R 0.281431 0.179885) (R 0.269550 0.183438) (R 0.257668 0.186880) (R 0.245676 0.190100) (R 0.233684 0.193210) (R 0.221691 0.196208) (R 0.209588 0.198984) (R 0.197485 0.201649) (R 0.185381 0.204092) (R 0.173167 0.206423) (R 0.160952 0.208644) (R 0.148738 0.210643) (R 0.136524 0.212531) (R 0.124198 0.214196) (R 0.111873 0.215751) (R 0.099547 0.217083) (R 0.087222 0.218305) (R 0.074896 0.219304) (R 0.062571 0.220192) (R 0.050246 0.220970) (R 0.037920 0.221525) (R 0.025595 0.221969) (R 0.013158 0.222191) (R 0.000833 0.222302) (R -0.001610 0.222302);

